# JRE version: OpenJDK Runtime Environment Corretto-17.0.7.7.1 (17.0.7+7) (build 17.0.7+7-LTS)
# Java VM: OpenJDK 64-Bit Server VM Corretto-17.0.7.7.1 (17.0.7+7-LTS, mixed mode, emulated-client, sharing, tiered, compressed oops, compressed class ptrs, g1 gc, windows-amd64)
GC Precious Log:
 CPUs: 4 total, 4 available
 Memory: 8094M
 Large Page Support: Disabled
 NUMA Support: Disabled
 Compressed Oops: Enabled (32-bit)
 Heap Region Size: 1M
 Heap Min Capacity: 8M
 Heap Initial Capacity: 128M
 Heap Max Capacity: 2024M
 Pre-touch: Disabled
 Parallel Workers: 4
 Concurrent Workers: 1
 Concurrent Refinement Workers: 4
 Periodic GC: Disabled
Heap:
 garbage-first heap   total 96256K, used 39035K [0x0000000081800000, 0x0000000100000000)
  region size 1024K, 7 young (7168K), 1 survivors (1024K)
 Metaspace       used 36910K, committed 37440K, reserved 1114112K
  class space    used 4998K, committed 5248K, reserved 1048576K
GC Heap History (16 events):
Event: 0.898 GC heap before
{Heap before GC invocations=0 (full 0):
 garbage-first heap   total 131072K, used 22528K [0x0000000081800000, 0x0000000100000000)
  region size 1024K, 13 young (13312K), 0 survivors (0K)
 Metaspace       used 322K, committed 512K, reserved 1114112K
  class space    used 22K, committed 128K, reserved 1048576K
}
Event: 0.918 GC heap after
{Heap after GC invocations=1 (full 0):
 garbage-first heap   total 131072K, used 17121K [0x0000000081800000, 0x0000000100000000)
  region size 1024K, 2 young (2048K), 2 survivors (2048K)
 Metaspace       used 322K, committed 512K, reserved 1114112K
  class space    used 22K, committed 128K, reserved 1048576K
}
Event: 1.915 GC heap before
{Heap before GC invocations=1 (full 0):
 garbage-first heap   total 131072K, used 31457K [0x0000000081800000, 0x0000000100000000)
  region size 1024K, 11 young (11264K), 2 survivors (2048K)
 Metaspace       used 5328K, committed 5440K, reserved 1114112K
  class space    used 639K, committed 704K, reserved 1048576K
}
Event: 1.919 GC heap after
{Heap after GC invocations=2 (full 0):
 garbage-first heap   total 131072K, used 19904K [0x0000000081800000, 0x0000000100000000)
  region size 1024K, 2 young (2048K), 2 survivors (2048K)
 Metaspace       used 5328K, committed 5440K, reserved 1114112K
  class space    used 639K, committed 704K, reserved 1048576K
}
Event: 2.712 GC heap before
{Heap before GC invocations=2 (full 0):
 garbage-first heap   total 131072K, used 34240K [0x0000000081800000, 0x0000000100000000)
  region size 1024K, 16 young (16384K), 2 survivors (2048K)
 Metaspace       used 8744K, committed 8960K, reserved 1114112K
  class space    used 1154K, committed 1280K, reserved 1048576K
}
Event: 2.717 GC heap after
{Heap after GC invocations=3 (full 0):
 garbage-first heap   total 131072K, used 21305K [0x0000000081800000, 0x0000000100000000)
  region size 1024K, 2 young (2048K), 2 survivors (2048K)
 Metaspace       used 8744K, committed 8960K, reserved 1114112K
  class space    used 1154K, committed 1280K, reserved 1048576K
}
Event: 4.573 GC heap before
{Heap before GC invocations=3 (full 0):
 garbage-first heap   total 131072K, used 80697K [0x0000000081800000, 0x0000000100000000)
  region size 1024K, 60 young (61440K), 2 survivors (2048K)
 Metaspace       used 16986K, committed 17216K, reserved 1114112K
  class space    used 2267K, committed 2368K, reserved 1048576K
}
Event: 4.583 GC heap after
{Heap after GC invocations=4 (full 0):
 garbage-first heap   total 131072K, used 25792K [0x0000000081800000, 0x0000000100000000)
  region size 1024K, 6 young (6144K), 6 survivors (6144K)
 Metaspace       used 16986K, committed 17216K, reserved 1114112K
  class space    used 2267K, committed 2368K, reserved 1048576K
}
Event: 5.545 GC heap before
{Heap before GC invocations=4 (full 0):
 garbage-first heap   total 131072K, used 55488K [0x0000000081800000, 0x0000000100000000)
  region size 1024K, 36 young (36864K), 6 survivors (6144K)
 Metaspace       used 21140K, committed 21504K, reserved 1114112K
  class space    used 2935K, committed 3136K, reserved 1048576K
}
Event: 5.555 GC heap after
{Heap after GC invocations=5 (full 0):
 garbage-first heap   total 131072K, used 28930K [0x0000000081800000, 0x0000000100000000)
  region size 1024K, 8 young (8192K), 8 survivors (8192K)
 Metaspace       used 21140K, committed 21504K, reserved 1114112K
  class space    used 2935K, committed 3136K, reserved 1048576K
}
Event: 6.366 GC heap before
{Heap before GC invocations=6 (full 0):
 garbage-first heap   total 96256K, used 78082K [0x0000000081800000, 0x0000000100000000)
  region size 1024K, 51 young (52224K), 8 survivors (8192K)
 Metaspace       used 28152K, committed 28608K, reserved 1114112K
  class space    used 3867K, committed 4096K, reserved 1048576K
}
Event: 6.377 GC heap after
{Heap after GC invocations=7 (full 0):
 garbage-first heap   total 96256K, used 29949K [0x0000000081800000, 0x0000000100000000)
  region size 1024K, 7 young (7168K), 7 survivors (7168K)
 Metaspace       used 28152K, committed 28608K, reserved 1114112K
  class space    used 3867K, committed 4096K, reserved 1048576K
}
Event: 7.816 GC heap before
{Heap before GC invocations=7 (full 0):
 garbage-first heap   total 96256K, used 66813K [0x0000000081800000, 0x0000000100000000)
  region size 1024K, 44 young (45056K), 7 survivors (7168K)
 Metaspace       used 34393K, committed 34944K, reserved 1114112K
  class space    used 4671K, committed 4928K, reserved 1048576K
}
Event: 7.826 GC heap after
{Heap after GC invocations=8 (full 0):
 garbage-first heap   total 96256K, used 32931K [0x0000000081800000, 0x0000000100000000)
  region size 1024K, 6 young (6144K), 6 survivors (6144K)
 Metaspace       used 34393K, committed 34944K, reserved 1114112K
  class space    used 4671K, committed 4928K, reserved 1048576K
}
Event: 8.109 GC heap before
{Heap before GC invocations=8 (full 0):
 garbage-first heap   total 96256K, used 36003K [0x0000000081800000, 0x0000000100000000)
  region size 1024K, 11 young (11264K), 6 survivors (6144K)
 Metaspace       used 35624K, committed 36096K, reserved 1114112K
  class space    used 4831K, committed 5056K, reserved 1048576K
}
Event: 8.116 GC heap after
{Heap after GC invocations=9 (full 0):
 garbage-first heap   total 96256K, used 33915K [0x0000000081800000, 0x0000000100000000)
  region size 1024K, 1 young (1024K), 1 survivors (1024K)
 Metaspace       used 35624K, committed 36096K, reserved 1114112K
  class space    used 4831K, committed 5056K, reserved 1048576K
}

