# JRE version: OpenJDK Runtime Environment Corretto-17.0.7.7.1 (17.0.7+7) (build 17.0.7+7-LTS)
# Java VM: OpenJDK 64-Bit Server VM Corretto-17.0.7.7.1 (17.0.7+7-LTS, mixed mode, emulated-client, sharing, tiered, compressed oops, compressed class ptrs, g1 gc, windows-amd64)
GC Precious Log:
 CPUs: 4 total, 4 available
 Memory: 8094M
 Large Page Support: Disabled
 NUMA Support: Disabled
 Compressed Oops: Enabled (32-bit)
 Heap Region Size: 1M
 Heap Min Capacity: 8M
 Heap Initial Capacity: 128M
 Heap Max Capacity: 2024M
 Pre-touch: Disabled
 Parallel Workers: 4
 Concurrent Workers: 1
 Concurrent Refinement Workers: 4
 Periodic GC: Disabled
Heap:
 garbage-first heap   total 99328K, used 40833K [0x0000000081800000, 0x0000000100000000)
  region size 1024K, 8 young (8192K), 1 survivors (1024K)
 Metaspace       used 36948K, committed 37504K, reserved 1114112K
  class space    used 5004K, committed 5248K, reserved 1048576K
GC Heap History (16 events):
Event: 1.519 GC heap before
{Heap before GC invocations=0 (full 0):
 garbage-first heap   total 131072K, used 22528K [0x0000000081800000, 0x0000000100000000)
  region size 1024K, 13 young (13312K), 0 survivors (0K)
 Metaspace       used 322K, committed 512K, reserved 1114112K
  class space    used 22K, committed 128K, reserved 1048576K
}
Event: 1.524 GC heap after
{Heap after GC invocations=1 (full 0):
 garbage-first heap   total 131072K, used 17247K [0x0000000081800000, 0x0000000100000000)
  region size 1024K, 2 young (2048K), 2 survivors (2048K)
 Metaspace       used 322K, committed 512K, reserved 1114112K
  class space    used 22K, committed 128K, reserved 1048576K
}
Event: 2.101 GC heap before
{Heap before GC invocations=1 (full 0):
 garbage-first heap   total 131072K, used 30559K [0x0000000081800000, 0x0000000100000000)
  region size 1024K, 10 young (10240K), 2 survivors (2048K)
 Metaspace       used 5187K, committed 5376K, reserved 1114112K
  class space    used 606K, committed 704K, reserved 1048576K
}
Event: 2.104 GC heap after
{Heap after GC invocations=2 (full 0):
 garbage-first heap   total 131072K, used 18148K [0x0000000081800000, 0x0000000100000000)
  region size 1024K, 2 young (2048K), 2 survivors (2048K)
 Metaspace       used 5187K, committed 5376K, reserved 1114112K
  class space    used 606K, committed 704K, reserved 1048576K
}
Event: 2.999 GC heap before
{Heap before GC invocations=2 (full 0):
 garbage-first heap   total 131072K, used 37604K [0x0000000081800000, 0x0000000100000000)
  region size 1024K, 21 young (21504K), 2 survivors (2048K)
 Metaspace       used 9944K, committed 10176K, reserved 1114112K
  class space    used 1331K, committed 1472K, reserved 1048576K
}
Event: 3.005 GC heap after
{Heap after GC invocations=3 (full 0):
 garbage-first heap   total 131072K, used 20556K [0x0000000081800000, 0x0000000100000000)
  region size 1024K, 3 young (3072K), 3 survivors (3072K)
 Metaspace       used 9944K, committed 10176K, reserved 1114112K
  class space    used 1331K, committed 1472K, reserved 1048576K
}
Event: 3.575 GC heap before
{Heap before GC invocations=3 (full 0):
 garbage-first heap   total 131072K, used 50252K [0x0000000081800000, 0x0000000100000000)
  region size 1024K, 33 young (33792K), 3 survivors (3072K)
 Metaspace       used 15715K, committed 15936K, reserved 1114112K
  class space    used 2073K, committed 2176K, reserved 1048576K
}
Event: 3.581 GC heap after
{Heap after GC invocations=4 (full 0):
 garbage-first heap   total 131072K, used 23539K [0x0000000081800000, 0x0000000100000000)
  region size 1024K, 5 young (5120K), 5 survivors (5120K)
 Metaspace       used 15715K, committed 15936K, reserved 1114112K
  class space    used 2073K, committed 2176K, reserved 1048576K
}
Event: 5.097 GC heap before
{Heap before GC invocations=4 (full 0):
 garbage-first heap   total 131072K, used 74739K [0x0000000081800000, 0x0000000100000000)
  region size 1024K, 56 young (57344K), 5 survivors (5120K)
 Metaspace       used 21088K, committed 21504K, reserved 1114112K
  class space    used 2906K, committed 3072K, reserved 1048576K
}
Event: 5.109 GC heap after
{Heap after GC invocations=5 (full 0):
 garbage-first heap   total 131072K, used 27080K [0x0000000081800000, 0x0000000100000000)
  region size 1024K, 7 young (7168K), 7 survivors (7168K)
 Metaspace       used 21088K, committed 21504K, reserved 1114112K
  class space    used 2906K, committed 3072K, reserved 1048576K
}
Event: 5.814 GC heap before
{Heap before GC invocations=6 (full 0):
 garbage-first heap   total 99328K, used 80328K [0x0000000081800000, 0x0000000100000000)
  region size 1024K, 52 young (53248K), 7 survivors (7168K)
 Metaspace       used 28305K, committed 28736K, reserved 1114112K
  class space    used 3891K, committed 4096K, reserved 1048576K
}
Event: 5.824 GC heap after
{Heap after GC invocations=7 (full 0):
 garbage-first heap   total 99328K, used 30496K [0x0000000081800000, 0x0000000100000000)
  region size 1024K, 4 young (4096K), 4 survivors (4096K)
 Metaspace       used 28305K, committed 28736K, reserved 1114112K
  class space    used 3891K, committed 4096K, reserved 1048576K
}
Event: 7.478 GC heap before
{Heap before GC invocations=7 (full 0):
 garbage-first heap   total 99328K, used 69408K [0x0000000081800000, 0x0000000100000000)
  region size 1024K, 43 young (44032K), 4 survivors (4096K)
 Metaspace       used 33978K, committed 34496K, reserved 1114112K
  class space    used 4626K, committed 4864K, reserved 1048576K
}
Event: 7.486 GC heap after
{Heap after GC invocations=8 (full 0):
 garbage-first heap   total 99328K, used 34200K [0x0000000081800000, 0x0000000100000000)
  region size 1024K, 4 young (4096K), 4 survivors (4096K)
 Metaspace       used 33978K, committed 34496K, reserved 1114112K
  class space    used 4626K, committed 4864K, reserved 1048576K
}
Event: 7.733 GC heap before
{Heap before GC invocations=8 (full 0):
 garbage-first heap   total 99328K, used 38296K [0x0000000081800000, 0x0000000100000000)
  region size 1024K, 9 young (9216K), 4 survivors (4096K)
 Metaspace       used 35460K, committed 35968K, reserved 1114112K
  class space    used 4811K, committed 5056K, reserved 1048576K
}
Event: 7.740 GC heap after
{Heap after GC invocations=9 (full 0):
 garbage-first heap   total 99328K, used 34689K [0x0000000081800000, 0x0000000100000000)
  region size 1024K, 1 young (1024K), 1 survivors (1024K)
 Metaspace       used 35460K, committed 35968K, reserved 1114112K
  class space    used 4811K, committed 5056K, reserved 1048576K
}

